<?xml version="1.0" encoding="UTF-8"?>
<!-- Generated by org.testng.reporters.JUnitReportReporter -->
<testsuite hostname="BTPL012" failures="0" tests="7" name="LoginTest.Login_NewUI" time="35.049" errors="0" timestamp="2025-05-02T15:37:56 IST" skipped="0">
  <testcase classname="LoginTest.Login_NewUI" name="Verify_Login" time="7.769"/>
  <testcase classname="LoginTest.Login_NewUI" name="Verify_clicking_PO_Menu" time="5.221"/>
  <testcase classname="LoginTest.Login_NewUI" name="Verify_NewUI_Popup" time="0.807"/>
  <testcase classname="LoginTest.Login_NewUI" name="Verify_clicking_CreateOrder" time="3.519"/>
  <testcase classname="LoginTest.Login_NewUI" name="Click_On_Exchange_RadioButton" time="5.130"/>
  <testcase classname="LoginTest.Login_NewUI" name="Verify_Clicking_Next_button_On_OrderParameter_Page" time="5.343"/>
  <testcase classname="LoginTest.Login_NewUI" name="fillOrderDetailsFromExcel" time="7.260"/>
</testsuite> <!-- LoginTest.Login_NewUI -->
